<?xml version="1.0" encoding="UTF-8"?>
<!-- Generated by org.testng.reporters.JUnitReportReporter -->
<testsuite skipped="0" hostname="HP-PC" name="com.autodeskcom.orgtest.CreateOrgTest" tests="1" failures="0" timestamp="03 Aug 2020 05:37:39 GMT" time="51.652" errors="0">
  <testcase name="create_org" time="51.652" classname="com.autodeskcom.orgtest.CreateOrgTest"/>
</testsuite> <!-- com.autodeskcom.orgtest.CreateOrgTest -->
