<?xml version="1.0" encoding="UTF-8"?>
<!-- Generated by org.testng.reporters.JUnitReportReporter -->
<testsuite skipped="0" hostname="HP-PC" name="com.vtigercrm.Orgtest.Delete_orgTest" tests="1" failures="0" timestamp="05 Aug 2020 03:04:47 GMT" time="87.221" errors="0">
  <testcase name="Delete_org" time="87.221" classname="com.vtigercrm.Orgtest.Delete_orgTest"/>
</testsuite> <!-- com.vtigercrm.Orgtest.Delete_orgTest -->
