<?xml version="1.0" encoding="UTF-8"?>
<!-- Generated by org.testng.reporters.JUnitReportReporter -->
<testsuite skipped="0" hostname="HP-PC" name="com.vtigercrm.Orgtest.Delete_org_test" tests="1" failures="0" timestamp="04 Aug 2020 04:21:43 GMT" time="54.944" errors="0">
  <testcase name="Delete_org" time="54.944" classname="com.vtigercrm.Orgtest.Delete_org_test"/>
</testsuite> <!-- com.vtigercrm.Orgtest.Delete_org_test -->
